<?xml version="1.0" encoding="utf-8" standalone="no"?>
<!--This file represents the results of running a test suite-->
<test-results name="C:\Documents and Settings\jeraro\Mis documentos\FARMACIASJ\FARMACIASJ\FARMACIASJ.vbproj" total="0" failures="0" not-run="0" date="2008-11-05" time="17:00:12">
  <environment nunit-version="2.4.8.0" clr-version="2.0.50727.832" os-version="Microsoft Windows NT 5.1.2600 Service Pack 3" platform="Win32NT" cwd="C:\Archivos de programa\NUnit 2.4.8\bin" machine-name="JESUS-LAPTOP" user="jeraro" user-domain="JESUS-LAPTOP" />
  <culture-info current-culture="es-VE" current-uiculture="es-ES" />
  <test-suite name="C:\Documents and Settings\jeraro\Mis documentos\FARMACIASJ\FARMACIASJ\FARMACIASJ.vbproj" success="True" time="0.031" asserts="0">
    <results>
      <test-suite name="C:\Documents and Settings\jeraro\Mis documentos\FARMACIASJ\FARMACIASJ\bin\Debug\FARMACIASJ.exe" success="True" time="0.000" asserts="0">
        <results />
      </test-suite>
    </results>
  </test-suite>
</test-results>